checking for Microsoft Visual Studio (x64) version ... 2022
checking for Microsoft C/C++ Compiler (x64) version ... 19.35.32215
note: install or modify (m) these packages (pass -y to skip confirm)?
in xmake-repo:
  -> nlohmann_json v3.11.2 [vs_runtime:"MT", from:tinygltf]
  -> stb 2023.01.30 [from:tinygltf]
  -> tinygltf v2.8.13 
please input: y (y/n/m)
  => downloading nlohmann_json, stb .. (2/curl,git)   => downloading nlohmann_json, stb .. (2/curl,git)   => downloading nlohmann_json, stb .. (2/curl,git)   => downloading nlohmann_json, stb .. (2/curl,git)   => download https://github.com/xmake-mirror/build-artifacts/releases/download/nlohmann_json-v3.11.2/windows-x64-vc143-d18ecf552d7148eeb73c26c13078fb10.7z .. ok
  => downloading stb, installing nlohmann_json .. (2/cl.exe,git)   => clone https://github.com/nothings/stb.git 2023.01.30 .. ok
  => installing nlohmann_json, stb .. (1/link.exe)   => installing nlohmann_json, stb .. (2/cl.exe)   => install stb 2023.01.30 .. ok
  => installing nlohmann_json .. (1/cl.exe)   => installing nlohmann_json .. (1/cl.exe)   => install nlohmann_json v3.11.2 .. ok
  => downloading tinygltf .. (1/curl)   => downloading tinygltf .. (1/curl)   => downloading tinygltf .. (1/curl)   => downloading tinygltf .. (1/curl)   => downloading tinygltf .. (1/7z)   => downloading tinygltf .. (1/7z)   => downloading tinygltf .. (1/7z)   => downloading tinygltf .. (1/7z)   => download https://github.com/syoyo/tinygltf/archive/refs/tags/v2.8.13.tar.gz .. ok
  => installing tinygltf .. (1/cmake.exe)   => installing tinygltf .. (1/cmake)   => installing tinygltf .. (1/cmake)   => installing tinygltf .. (1/cmake)   => installing tinygltf .. (1/cmake)   => installing tinygltf .. (1/cmake)   => installing tinygltf .. (1/cmake)   => installing tinygltf .. (1/cmake)   => installing tinygltf .. (1/cmake)   => installing tinygltf .. (1/cmake)   => installing tinygltf .. (1/cmake)   => installing tinygltf .. (1/cmake)   => installing tinygltf .. (1/cmake)   => installing tinygltf .. (1/cmake)   => installing tinygltf .. (1/cmake)   => installing tinygltf .. (1/cmake)   => installing tinygltf .. (1/msbuild.exe)   => installing tinygltf .. (1/msbuild.exe)   => installing tinygltf .. (1/msbuild.exe)   => installing tinygltf .. (1/msbuild.exe)   => installing tinygltf .. (1/msbuild.exe)   => installing tinygltf .. (1/msbuild.exe)   => installing tinygltf .. (1/cl.exe)   => install tinygltf v2.8.13 .. ok
[ 25%]: compiling.debug src\graphics\instance.cpp
error: instance.cpp
src\container/array.h(21): error C4430: missing type specifier - int assumed. Note: C++ does not support default-int
src\container/array.h(33): note: see reference to class template instantiation 'Argent::Container::Array<TValue>' being compiled
src\container/array.h(22): error C4430: missing type specifier - int assumed. Note: C++ does not support default-int

  > in src\graphics\instance.cpp
